<?xml version="1.0" encoding="UTF-8"?>
<testsuite xmlns:xsi="http://www.w3.org/2001/XMLSchema-instance" xsi:noNamespaceSchemaLocation="https://maven.apache.org/surefire/maven-surefire-plugin/xsd/surefire-test-report-3.0.xsd" version="3.0" name="RouteLogicTest" time="0.873" tests="3" errors="0" skipped="0" failures="0">
  <properties>
[...]
</properties>
  <testcase name="findBestTransport_NoTerminal_ReturnsFailure" classname="RouteLogicTest" time="0.84">
    <system-err><![CDATA[WARNING: A Java agent has been loaded dynamically (C:\Users\henri\.m2\repository\net\bytebuddy\byte-buddy-agent\1.14.1\byte-buddy-agent-1.14.1.jar)
WARNING: If a serviceability tool is in use, please run with -XX:+EnableDynamicAgentLoading to hide this warning
WARNING: If a serviceability tool is not in use, please run with -Djdk.instrument.traceUsage for more information
WARNING: Dynamic loading of agents will be disallowed by default in a future release
]]></system-err>
  </testcase>
  <testcase name="findBestTransport_NoAvailableTransport_ReturnsFailureResult" classname="RouteLogicTest" time="0.012"/>
  <testcase name="findBestTransport_ValidInput_ReturnsSuccessfulResult" classname="RouteLogicTest" time="0.005"/>
</testsuite>