-------------------------------------------------------------------------------
Test set: org.develop.domain.TicketTests.SaveTicketToDatabaseTests
-------------------------------------------------------------------------------
Tests run: 1, Failures: 1, Errors: 0, Skipped: 0, Time elapsed: 42.22 s <<< FAILURE! -- in org.develop.domain.TicketTests.SaveTicketToDatabaseTests
org.develop.domain.TicketTests.SaveTicketToDatabaseTests.saveTicketToDatabase_SavesValidTicketSuccessfully -- Time elapsed: 42.19 s <<< FAILURE!
org.opentest4j.AssertionFailedError: Unexpected exception thrown: java.lang.NullPointerException: Cannot invoke "org.develop.TicketComponent.Adapter.SaveTicketToDatabase.saveTicket(org.develop.TicketComponent.Domain.NewTicket)" because "this.saveTicketToDatabase" is null
	at org.junit.jupiter.api.AssertionFailureBuilder.build(AssertionFailureBuilder.java:152)
	at org.junit.jupiter.api.AssertDoesNotThrow.createAssertionFailedError(AssertDoesNotThrow.java:84)
	at org.junit.jupiter.api.AssertDoesNotThrow.assertDoesNotThrow(AssertDoesNotThrow.java:53)
	at org.junit.jupiter.api.AssertDoesNotThrow.assertDoesNotThrow(AssertDoesNotThrow.java:36)
	at org.junit.jupiter.api.Assertions.assertDoesNotThrow(Assertions.java:3199)
	at org.develop.domain.TicketTests.SaveTicketToDatabaseTests.saveTicketToDatabase_SavesValidTicketSuccessfully(SaveTicketToDatabaseTests.java:59)
	at java.base/java.lang.reflect.Method.invoke(Method.java:580)
	at java.base/java.util.ArrayList.forEach(ArrayList.java:1597)
	at java.base/java.util.ArrayList.forEach(ArrayList.java:1597)
Caused by: java.lang.NullPointerException: Cannot invoke "org.develop.TicketComponent.Adapter.SaveTicketToDatabase.saveTicket(org.develop.TicketComponent.Domain.NewTicket)" because "this.saveTicketToDatabase" is null
	at org.develop.domain.TicketTests.SaveTicketToDatabaseTests.lambda$saveTicketToDatabase_SavesValidTicketSuccessfully$0(SaveTicketToDatabaseTests.java:60)
	at org.junit.jupiter.api.AssertDoesNotThrow.assertDoesNotThrow(AssertDoesNotThrow.java:49)
	... 6 more

