<?xml version="1.0" encoding="UTF-8"?>
<testsuite xmlns:xsi="http://www.w3.org/2001/XMLSchema-instance" xsi:noNamespaceSchemaLocation="https://maven.apache.org/surefire/maven-surefire-plugin/xsd/surefire-test-report-3.0.xsd" version="3.0" name="org.develop.domain.TicketTests.SaveTicketToDatabaseTests" time="42.216" tests="1" errors="0" skipped="0" failures="1">
  <properties>
[...]
</properties>
  <testcase name="saveTicketToDatabase_SavesValidTicketSuccessfully" classname="org.develop.domain.TicketTests.SaveTicketToDatabaseTests" time="42.192">
    <failure message="Unexpected exception thrown: java.lang.NullPointerException: Cannot invoke &quot;org.develop.TicketComponent.Adapter.SaveTicketToDatabase.saveTicket(org.develop.TicketComponent.Domain.NewTicket)&quot; because &quot;this.saveTicketToDatabase&quot; is null" type="org.opentest4j.AssertionFailedError"><![CDATA[org.opentest4j.AssertionFailedError: Unexpected exception thrown: java.lang.NullPointerException: Cannot invoke "org.develop.TicketComponent.Adapter.SaveTicketToDatabase.saveTicket(org.develop.TicketComponent.Domain.NewTicket)" because "this.saveTicketToDatabase" is null
	at org.junit.jupiter.api.AssertionFailureBuilder.build(AssertionFailureBuilder.java:152)
	at org.junit.jupiter.api.AssertDoesNotThrow.createAssertionFailedError(AssertDoesNotThrow.java:84)
	at org.junit.jupiter.api.AssertDoesNotThrow.assertDoesNotThrow(AssertDoesNotThrow.java:53)
	at org.junit.jupiter.api.AssertDoesNotThrow.assertDoesNotThrow(AssertDoesNotThrow.java:36)
	at org.junit.jupiter.api.Assertions.assertDoesNotThrow(Assertions.java:3199)
	at org.develop.domain.TicketTests.SaveTicketToDatabaseTests.saveTicketToDatabase_SavesValidTicketSuccessfully(SaveTicketToDatabaseTests.java:59)
	at java.base/java.lang.reflect.Method.invoke(Method.java:580)
	at java.base/java.util.ArrayList.forEach(ArrayList.java:1597)
	at java.base/java.util.ArrayList.forEach(ArrayList.java:1597)
Caused by: java.lang.NullPointerException: Cannot invoke "org.develop.TicketComponent.Adapter.SaveTicketToDatabase.saveTicket(org.develop.TicketComponent.Domain.NewTicket)" because "this.saveTicketToDatabase" is null
	at org.develop.domain.TicketTests.SaveTicketToDatabaseTests.lambda$saveTicketToDatabase_SavesValidTicketSuccessfully$0(SaveTicketToDatabaseTests.java:60)
	at org.junit.jupiter.api.AssertDoesNotThrow.assertDoesNotThrow(AssertDoesNotThrow.java:49)
	... 6 more
]]></failure>
    <system-out><![CDATA[Database connection failed in test setup: Communications link failure

The last packet sent successfully to the server was 0 milliseconds ago. The driver has not received any packets from the server.
]]></system-out>
  </testcase>
</testsuite>