<?xml version="1.0" encoding="UTF-8"?>
<testsuite xmlns:xsi="http://www.w3.org/2001/XMLSchema-instance" xsi:noNamespaceSchemaLocation="https://maven.apache.org/surefire/maven-surefire-plugin/xsd/surefire-test-report-3.0.xsd" version="3.0" name="org.develop.domain.CreateUserTest" time="0.122" tests="4" errors="0" skipped="0" failures="0">
  <properties>
[...]
</properties>
  <testcase name="shouldBeImmutableAfterCreation" classname="org.develop.domain.CreateUserTest" time="0.054"/>
  <testcase name="shouldCreateCommandWithAllFields" classname="org.develop.domain.CreateUserTest" time="0.006"/>
  <testcase name="shouldHandleVariousUserTypes" classname="org.develop.domain.CreateUserTest" time="0.003"/>
  <testcase name="shouldGenerateCorrectFullName" classname="org.develop.domain.CreateUserTest" time="0.011"/>
</testsuite>